TN:
SF:src\const.js
FNF:0
FNH:0
DA:1,2
LF:1
LH:1
BRF:0
BRH:0
end_of_record
TN:
SF:src\components\app\app.jsx
FN:11,(anonymous_0)
FN:18,(anonymous_1)
FN:30,(anonymous_2)
FN:35,(anonymous_3)
FN:42,(anonymous_4)
FN:51,(anonymous_5)
FN:66,(anonymous_6)
FN:67,(anonymous_7)
FN:77,(anonymous_8)
FN:78,(anonymous_9)
FNF:10
FNH:3
FNDA:1,(anonymous_0)
FNDA:1,(anonymous_1)
FNDA:0,(anonymous_2)
FNDA:0,(anonymous_3)
FNDA:1,(anonymous_4)
FNDA:0,(anonymous_5)
FNDA:0,(anonymous_6)
FNDA:0,(anonymous_7)
FNDA:0,(anonymous_8)
FNDA:0,(anonymous_9)
DA:12,1
DA:13,1
DA:19,1
DA:21,1
DA:43,1
DA:44,1
DA:45,1
DA:47,1
DA:48,1
DA:52,0
DA:60,0
DA:61,0
DA:63,0
DA:67,0
DA:74,0
DA:78,0
DA:86,0
DA:90,1
LF:18
LH:10
BRDA:47,0,0,1
BRDA:47,0,1,0
BRDA:47,1,0,1
BRDA:47,1,1,0
BRDA:60,2,0,0
BRDA:60,2,1,0
BRDA:61,3,0,0
BRDA:61,3,1,0
BRF:8
BRH:2
end_of_record
TN:
SF:src\components\artist-question-screen\artist-question-screen.jsx
FN:5,(anonymous_0)
FN:9,(anonymous_1)
FNF:2
FNH:0
FNDA:0,(anonymous_0)
FNDA:0,(anonymous_1)
DA:6,0
DA:10,0
LF:2
LH:0
BRF:0
BRH:0
end_of_record
TN:
SF:src\components\genre-question-screen\genre-question-screen.jsx
FN:6,(anonymous_0)
FN:14,(anonymous_1)
FN:43,(anonymous_2)
FN:48,(anonymous_3)
FN:62,(anonymous_4)
FNF:5
FNH:3
FNDA:1,(anonymous_0)
FNDA:1,(anonymous_1)
FNDA:0,(anonymous_2)
FNDA:4,(anonymous_3)
FNDA:0,(anonymous_4)
DA:7,1
DA:9,1
DA:15,1
DA:16,1
DA:17,1
DA:19,1
DA:44,0
DA:45,0
DA:49,4
DA:63,0
DA:65,0
DA:83,2
LF:12
LH:8
BRF:0
BRH:0
end_of_record
TN:
SF:src\components\welcome-screen\welcome-screen.jsx
FN:4,WelcomeScreen
FNF:1
FNH:1
FNDA:3,WelcomeScreen
DA:5,3
DA:7,3
DA:26,3
LF:3
LH:3
BRF:0
BRH:0
end_of_record
