TN:
SF:src\components\app\app.jsx
FN:21,(anonymous_0)
FN:33,(anonymous_1)
FN:38,(anonymous_2)
FN:45,(anonymous_3)
FN:116,(anonymous_4)
FN:123,(anonymous_5)
FN:124,(anonymous_6)
FN:127,(anonymous_7)
FN:131,(anonymous_8)
FNF:9
FNH:2
FNDA:5,(anonymous_0)
FNDA:0,(anonymous_1)
FNDA:0,(anonymous_2)
FNDA:5,(anonymous_3)
FNDA:0,(anonymous_4)
FNDA:0,(anonymous_5)
FNDA:0,(anonymous_6)
FNDA:0,(anonymous_7)
FNDA:0,(anonymous_8)
DA:16,1
DA:17,1
DA:22,5
DA:24,5
DA:46,5
DA:48,5
DA:50,5
DA:51,2
DA:59,3
DA:60,1
DA:67,2
DA:68,1
DA:77,1
DA:78,1
DA:80,0
DA:90,1
DA:101,0
DA:105,1
DA:116,1
DA:123,1
DA:125,0
DA:128,0
DA:129,0
DA:132,0
LF:24
LH:18
BRDA:50,0,0,2
BRDA:50,0,1,3
BRDA:59,1,0,1
BRDA:59,1,1,2
BRDA:67,2,0,1
BRDA:67,2,1,1
BRDA:77,3,0,1
BRDA:77,3,1,0
BRDA:78,4,0,0
BRDA:78,4,1,1
BRF:10
BRH:8
end_of_record
TN:
SF:src\components\artist-question-screen\artist-question-screen.jsx
FN:6,ArtistQuestionScreen
FN:20,(anonymous_1)
FN:27,(anonymous_2)
FNF:3
FNH:3
FNDA:2,ArtistQuestionScreen
FNDA:6,(anonymous_1)
FNDA:1,(anonymous_2)
DA:7,2
DA:9,2
DA:21,6
DA:28,1
DA:29,1
DA:44,3
LF:6
LH:6
BRF:0
BRH:0
end_of_record
TN:
SF:src\components\audio-player\audio-player.jsx
FN:5,AudioPlayer
FN:13,(anonymous_1)
FNF:2
FNH:2
FNDA:6,AudioPlayer
FNDA:1,(anonymous_1)
DA:7,6
DA:13,1
DA:24,3
LF:3
LH:3
BRDA:10,0,0,0
BRDA:10,0,1,6
BRF:2
BRH:1
end_of_record
TN:
SF:src\components\game-over-screen\game-over-screen.jsx
FN:5,(anonymous_0)
FNF:1
FNH:1
FNDA:2,(anonymous_0)
DA:5,2
DA:6,2
DA:8,2
DA:26,2
LF:4
LH:4
BRF:0
BRH:0
end_of_record
TN:
SF:src\components\game-screen\game-screen.jsx
FN:7,GameScreen
FN:39,(anonymous_1)
FNF:2
FNH:2
FNDA:3,GameScreen
FNDA:1,(anonymous_1)
DA:8,3
DA:30,2
DA:39,2
LF:3
LH:3
BRF:0
BRH:0
end_of_record
TN:
SF:src\components\genre-question-item\genre-question-item.jsx
FN:6,(anonymous_0)
FN:8,(anonymous_1)
FN:20,(anonymous_2)
FNF:3
FNH:3
FNDA:17,(anonymous_0)
FNDA:1,(anonymous_1)
FNDA:1,(anonymous_2)
DA:7,17
DA:8,17
DA:9,1
DA:11,1
DA:13,17
DA:20,1
DA:29,4
LF:7
LH:7
BRF:0
BRH:0
end_of_record
TN:
SF:src\components\genre-question-screen\genre-question-screen.jsx
FN:10,(anonymous_0)
FN:19,(anonymous_1)
FN:24,(anonymous_2)
FNF:3
FNH:3
FNDA:4,(anonymous_0)
FNDA:2,(anonymous_1)
FNDA:16,(anonymous_2)
DA:11,4
DA:12,4
DA:14,4
DA:20,2
DA:21,2
DA:25,16
DA:42,3
LF:7
LH:7
BRF:0
BRH:0
end_of_record
TN:
SF:src\components\mistakes\mistakes.jsx
FN:5,(anonymous_0)
FN:12,(anonymous_1)
FNF:2
FNH:2
FNDA:5,(anonymous_0)
FNDA:10,(anonymous_1)
DA:5,3
DA:6,5
DA:8,5
DA:10,5
DA:12,10
DA:16,3
LF:6
LH:6
BRF:0
BRH:0
end_of_record
TN:
SF:src\components\welcome-screen\welcome-screen.jsx
FN:4,WelcomeScreen
FNF:1
FNH:1
FNDA:4,WelcomeScreen
DA:5,4
DA:7,4
DA:26,3
LF:3
LH:3
BRF:0
BRH:0
end_of_record
TN:
SF:src\components\win-screen\win-screen.jsx
FN:5,(anonymous_0)
FNF:1
FNH:1
FNDA:5,(anonymous_0)
DA:5,2
DA:6,5
DA:7,5
DA:9,5
DA:27,2
LF:5
LH:5
BRF:0
BRH:0
end_of_record
TN:
SF:src\constants\game.js
FNF:0
FNH:0
DA:1,8
LF:1
LH:1
BRF:0
BRH:0
end_of_record
TN:
SF:src\hocks\with-audio\with-audio.jsx
FN:4,withAudio
FN:7,(anonymous_1)
FN:19,(anonymous_2)
FN:27,(anonymous_3)
FN:31,(anonymous_4)
FN:37,(anonymous_5)
FN:41,(anonymous_6)
FN:46,(anonymous_7)
FN:56,(anonymous_8)
FN:66,(anonymous_9)
FN:74,(anonymous_10)
FN:81,(anonymous_11)
FNF:12
FNH:7
FNDA:4,withAudio
FNDA:7,(anonymous_1)
FNDA:9,(anonymous_2)
FNDA:0,(anonymous_3)
FNDA:0,(anonymous_4)
FNDA:0,(anonymous_5)
FNDA:0,(anonymous_6)
FNDA:0,(anonymous_7)
FNDA:2,(anonymous_8)
FNDA:9,(anonymous_9)
FNDA:2,(anonymous_10)
FNDA:2,(anonymous_11)
DA:8,7
DA:10,7
DA:12,7
DA:20,9
DA:21,9
DA:22,9
DA:23,0
DA:25,9
DA:27,9
DA:31,9
DA:32,0
DA:37,9
DA:41,9
DA:47,0
DA:49,0
DA:50,0
DA:51,0
DA:52,0
DA:53,0
DA:57,2
DA:59,2
DA:60,1
DA:62,1
DA:67,9
DA:69,9
DA:74,2
DA:82,2
DA:83,2
DA:84,2
DA:88,4
DA:94,4
LF:31
LH:23
BRDA:22,0,0,0
BRDA:22,0,1,9
BRDA:59,1,0,1
BRDA:59,1,1,1
BRF:4
BRH:3
end_of_record
TN:
SF:src\hocks\with-player-audio\with-player-audio.jsx
FN:7,withActivePlayer
FN:10,(anonymous_1)
FN:18,(anonymous_2)
FN:23,(anonymous_3)
FN:28,(anonymous_4)
FN:35,(anonymous_5)
FNF:6
FNH:4
FNDA:2,withActivePlayer
FNDA:1,(anonymous_1)
FNDA:1,(anonymous_2)
FNDA:4,(anonymous_3)
FNDA:0,(anonymous_4)
FNDA:0,(anonymous_5)
DA:5,1
DA:11,1
DA:13,1
DA:19,1
DA:21,1
DA:24,4
DA:28,0
DA:36,0
DA:37,0
DA:43,2
DA:45,2
LF:11
LH:8
BRDA:38,0,0,0
BRDA:38,0,1,0
BRF:2
BRH:0
end_of_record
TN:
SF:src\hocks\with-user-answer\with-user-unswer.jsx
FN:5,withUserAnswer
FN:8,(anonymous_1)
FN:19,(anonymous_2)
FN:26,(anonymous_3)
FN:37,(anonymous_4)
FNF:5
FNH:4
FNDA:2,withUserAnswer
FNDA:2,(anonymous_1)
FNDA:0,(anonymous_2)
FNDA:3,(anonymous_3)
FNDA:5,(anonymous_4)
DA:9,2
DA:11,2
DA:15,2
DA:16,2
DA:20,0
DA:21,0
DA:23,0
DA:27,3
DA:29,3
DA:30,3
DA:32,3
DA:38,5
DA:40,5
DA:51,2
DA:64,2
LF:15
LH:12
BRF:0
BRH:0
end_of_record
TN:
SF:src\mocks\questions.js
FNF:0
FNH:0
DA:1,2
DA:3,2
LF:2
LH:2
BRF:0
BRH:0
end_of_record
TN:
SF:src\redux\reducer.js
FN:17,(anonymous_0)
FN:21,(anonymous_1)
FN:22,(anonymous_2)
FN:28,(anonymous_3)
FN:33,(anonymous_4)
FN:53,(anonymous_5)
FN:62,(anonymous_6)
FNF:7
FNH:7
FNDA:2,(anonymous_0)
FNDA:2,(anonymous_1)
FNDA:5,(anonymous_2)
FNDA:1,(anonymous_3)
FNDA:4,(anonymous_4)
FNDA:1,(anonymous_5)
FNDA:8,(anonymous_6)
DA:4,2
DA:11,2
DA:17,2
DA:18,2
DA:21,2
DA:22,2
DA:23,5
DA:27,2
DA:28,1
DA:34,4
DA:36,4
DA:38,2
DA:39,2
DA:41,2
DA:42,2
DA:44,0
DA:47,4
DA:54,1
DA:62,2
DA:63,8
DA:66,2
DA:72,2
DA:77,3
DA:82,1
LF:24
LH:23
BRDA:36,0,0,2
BRDA:36,0,1,2
BRDA:36,0,2,0
BRDA:49,1,0,2
BRDA:49,1,1,2
BRDA:62,2,0,1
BRDA:63,3,0,2
BRDA:63,3,1,2
BRDA:63,3,2,3
BRF:9
BRH:8
end_of_record
